<?xml version="1.0" encoding="UTF-8"?>
<!-- Generated by org.testng.reporters.JUnitReportReporter -->
<testsuite hostname="DESKTOP-NT6OK0P" name="testcases.LoginTest" tests="1" failures="0" timestamp="12 Sep 2020 18:14:14 GMT" time="11.022" errors="0">
  <testcase name="loginTest" time="11.022" classname="testcases.LoginTest"/>
</testsuite> <!-- testcases.LoginTest -->
