<?xml version="1.0" encoding="UTF-8"?>
<!-- Generated by org.testng.reporters.JUnitReportReporter -->
<testsuite hostname="DESKTOP-NT6OK0P" name="testcases.FlightsTest" tests="1" failures="0" timestamp="20 Oct 2020 14:46:18 GMT" time="8.710" errors="0">
  <testcase name="calenderTest" time="8.710" classname="testcases.FlightsTest"/>
</testsuite> <!-- testcases.FlightsTest -->
