<?xml version="1.0" encoding="UTF-8"?>
<!-- Generated by org.testng.reporters.JUnitReportReporter -->
<testsuite hostname="DESKTOP-NT6OK0P" name="testcases.HomeTest" tests="1" failures="0" timestamp="13 Sep 2020 18:45:16 GMT" time="6.110" errors="0">
  <testcase name="loadHomePage" time="6.110" classname="testcases.HomeTest"/>
</testsuite> <!-- testcases.HomeTest -->
